GROUP,PACKAGE,CLASS,INSTRUCTION_MISSED,INSTRUCTION_COVERED,BRANCH_MISSED,BRANCH_COVERED,LINE_MISSED,LINE_COVERED,COMPLEXITY_MISSED,COMPLEXITY_COVERED,METHOD_MISSED,METHOD_COVERED
backend,com.iliani14.pg5100.services,CommentEJB,43,129,3,1,11,28,5,6,3,6
backend,com.iliani14.pg5100.services,UserEJB,48,158,5,3,11,40,6,11,2,11
backend,com.iliani14.pg5100.services,PostEJB,34,76,1,1,9,17,4,5,3,5
backend,com.iliani14.pg5100.entities,Countries,5,93,0,0,0,9,1,3,1,3
backend,com.iliani14.pg5100.entities,Comment,33,27,1,1,13,12,9,7,8,7
backend,com.iliani14.pg5100.entities,User,72,75,7,5,21,23,20,14,14,14
backend,com.iliani14.pg5100.entities,Post,36,31,1,1,14,13,10,8,9,8
